10.135.65.144 - - [18/Apr/2019:11:14:38 +0800] "GET / HTTP/1.1" 304 -
10.135.65.144 - - [18/Apr/2019:11:14:39 +0800] "GET / HTTP/1.1" 304 -
10.135.65.144 - - [18/Apr/2019:11:14:39 +0800] "GET / HTTP/1.1" 304 -
10.135.65.144 - - [18/Apr/2019:11:14:58 +0800] "GET / HTTP/1.1" 304 -
10.135.65.144 - - [18/Apr/2019:11:15:02 +0800] "GET /hello HTTP/1.1" 404 203
::1 - - [18/Apr/2019:18:13:25 +0800] "GET / HTTP/1.1" 200 57
::1 - - [18/Apr/2019:18:13:25 +0800] "GET /favicon.ico HTTP/1.1" 404 209
::1 - - [18/Apr/2019:18:26:57 +0800] "GET / HTTP/1.1" 304 -
::1 - - [18/Apr/2019:18:27:01 +0800] "GET /files HTTP/1.1" 301 231
::1 - - [18/Apr/2019:18:27:01 +0800] "GET /files/ HTTP/1.1" 403 215
::1 - - [18/Apr/2019:18:27:03 +0800] "GET /files/ HTTP/1.1" 403 215
::1 - - [18/Apr/2019:18:27:16 +0800] "GET /files/ HTTP/1.1" 403 215
::1 - - [18/Apr/2019:18:27:17 +0800] "GET /files/ HTTP/1.1" 403 215
::1 - - [18/Apr/2019:18:27:18 +0800] "GET / HTTP/1.1" 304 -
::1 - - [18/Apr/2019:18:27:20 +0800] "GET /files/ HTTP/1.1" 403 215
::1 - - [18/Apr/2019:18:28:16 +0800] "-" 408 -
::1 - - [18/Apr/2019:18:29:32 +0800] "GET /files/ HTTP/1.1" 200 500
::1 - - [18/Apr/2019:18:29:34 +0800] "GET /files/Apache.%e6%ba%90%e4%bb%a3%e7%a0%81%e5%85%a8%e6%99%af%e5%88%86%e6%9e%90.pdf HTTP/1.1" 200 124821644
::1 - - [18/Apr/2019:18:29:41 +0800] "GET /files/Apache.%e6%ba%90%e4%bb%a3%e7%a0%81%e5%85%a8%e6%99%af%e5%88%86%e6%9e%90.pdf HTTP/1.1" 200 124821644
::1 - - [18/Apr/2019:18:30:41 +0800] "-" 408 -
::1 - - [18/Apr/2019:18:30:54 +0800] "GET / HTTP/1.1" 200 57
::1 - - [18/Apr/2019:18:32:29 +0800] "GET /files/ HTTP/1.1" 200 500
::1 - - [18/Apr/2019:18:32:36 +0800] "GET /files/ HTTP/1.1" 200 500
::1 - - [18/Apr/2019:18:32:38 +0800] "GET /files/Apache%e5%9b%be%e5%bd%a2%e7%ae%a1%e7%90%86%e5%b7%a5%e5%85%b7%e9%9c%80%e6%b1%82V1.0.0.pdf HTTP/1.1" 200 310806
::1 - - [18/Apr/2019:18:32:47 +0800] "GET /files/Apache%E5%9B%BE%E5%BD%A2%E7%AE%A1%E7%90%86%E5%B7%A5%E5%85%B7%E9%9C%80%E6%B1%82V1.0.0.pdf HTTP/1.1" 200 310806
::1 - - [18/Apr/2019:18:32:58 +0800] "GET / HTTP/1.1" 200 57
::1 - - [18/Apr/2019:18:51:36 +0800] "GET /files/Apache%E5%9B%BE%E5%BD%A2%E7%AE%A1%E7%90%86%E5%B7%A5%E5%85%B7%E9%9C%80%E6%B1%82V1.0.0.pdf HTTP/1.1" 200 310806
::1 - - [18/Apr/2019:18:51:43 +0800] "GET / HTTP/1.1" 200 57
::1 - - [18/Apr/2019:18:51:54 +0800] "GET / HTTP/1.1" 200 57
::1 - - [18/Apr/2019:18:51:55 +0800] "GET / HTTP/1.1" 200 57
::1 - - [18/Apr/2019:18:51:55 +0800] "GET / HTTP/1.1" 200 57
::1 - - [18/Apr/2019:18:51:57 +0800] "GET / HTTP/1.1" 200 57
::1 - - [18/Apr/2019:18:51:57 +0800] "GET / HTTP/1.1" 200 57
::1 - - [18/Apr/2019:18:52:33 +0800] "-" 408 -
::1 - - [18/Apr/2019:18:52:33 +0800] "-" 408 -
::1 - - [18/Apr/2019:18:56:47 +0800] "GET / HTTP/1.1" 200 57
::1 - - [18/Apr/2019:18:57:27 +0800] "POST / HTTP/1.1" 200 57
::1 - - [18/Apr/2019:18:57:32 +0800] "PUT / HTTP/1.1" 405 231
::1 - - [18/Apr/2019:18:57:36 +0800] "PATCH / HTTP/1.1" 405 233
::1 - - [18/Apr/2019:18:57:39 +0800] "DELETE / HTTP/1.1" 405 234
::1 - - [18/Apr/2019:18:57:42 +0800] "COPY / HTTP/1.1" 405 232
::1 - - [18/Apr/2019:18:57:46 +0800] "GET / HTTP/1.1" 200 57
10.2.3.6 - - [18/Apr/2019:18:57:59 +0800] "GET / HTTP/1.1" 200 57
10.2.3.6 - - [18/Apr/2019:18:58:03 +0800] "POST / HTTP/1.1" 200 57
::1 - - [18/Apr/2019:21:44:04 +0800] "GET /files/ HTTP/1.1" 200 500
::1 - - [18/Apr/2019:21:44:10 +0800] "GET /files/Apache.%e6%ba%90%e4%bb%a3%e7%a0%81%e5%85%a8%e6%99%af%e5%88%86%e6%9e%90.pdf HTTP/1.1" 200 124821644
::1 - - [18/Apr/2019:21:45:10 +0800] "-" 408 -
10.2.5.37 - - [18/Apr/2019:21:46:20 +0800] "GET / HTTP/1.1" 200 104
10.2.5.37 - - [18/Apr/2019:21:46:20 +0800] "GET /favicon.ico HTTP/1.1" 404 209
10.2.5.37 - - [18/Apr/2019:21:46:22 +0800] "GET /files/ HTTP/1.1" 200 500
10.2.5.37 - - [18/Apr/2019:21:46:22 +0800] "GET /favicon.ico HTTP/1.1" 404 209
10.2.5.37 - - [18/Apr/2019:21:46:27 +0800] "GET /files/Apache%e5%9b%be%e5%bd%a2%e7%ae%a1%e7%90%86%e5%b7%a5%e5%85%b7%e9%9c%80%e6%b1%82V1.0.0.pdf HTTP/1.1" 200 310806
10.2.5.37 - - [18/Apr/2019:21:46:28 +0800] "GET /favicon.ico HTTP/1.1" 404 209
10.2.5.37 - - [18/Apr/2019:21:46:34 +0800] "GET /files/Apache.%e6%ba%90%e4%bb%a3%e7%a0%81%e5%85%a8%e6%99%af%e5%88%86%e6%9e%90.pdf HTTP/1.1" 200 124821644
10.2.5.37 - - [18/Apr/2019:21:47:28 +0800] "GET /favicon.ico HTTP/1.1" 404 209
10.2.5.37 - - [18/Apr/2019:21:51:45 +0800] "GET /files/Apache.%e6%ba%90%e4%bb%a3%e7%a0%81%e5%85%a8%e6%99%af%e5%88%86%e6%9e%90.pdf HTTP/1.1" 200 124821644
10.2.5.37 - - [18/Apr/2019:21:53:28 +0800] "GET /files/ HTTP/1.1" 200 346
10.2.5.37 - - [18/Apr/2019:21:53:29 +0800] "GET /files/Apache.%e6%ba%90%e4%bb%a3%e7%a0%81%e5%85%a8%e6%99%af%e5%88%86%e6%9e%90.pdf HTTP/1.1" 200 124821644
10.2.5.37 - - [18/Apr/2019:21:54:46 +0800] "GET /files/Apache.%e6%ba%90%e4%bb%a3%e7%a0%81%e5%85%a8%e6%99%af%e5%88%86%e6%9e%90.pdf HTTP/1.1" 200 124821644
::1 - - [22/Apr/2019:16:22:40 +0800] "GET / HTTP/1.1" 200 104
::1 - - [22/Apr/2019:16:22:41 +0800] "GET /files/ HTTP/1.1" 200 346
::1 - - [22/Apr/2019:16:22:47 +0800] "GET /status HTTP/1.1" 404 204
::1 - - [22/Apr/2019:16:22:58 +0800] "GET /server-status HTTP/1.1" 200 2883
::1 - - [22/Apr/2019:16:23:10 +0800] "GET /server-status HTTP/1.1" 200 2860
::1 - - [22/Apr/2019:16:23:10 +0800] "GET /server-status HTTP/1.1" 200 2861
::1 - - [22/Apr/2019:16:23:11 +0800] "GET /server-status HTTP/1.1" 200 2861
::1 - - [22/Apr/2019:16:23:12 +0800] "GET /server-status HTTP/1.1" 200 2866
::1 - - [22/Apr/2019:16:23:12 +0800] "GET /server-status HTTP/1.1" 200 2865
::1 - - [22/Apr/2019:16:23:13 +0800] "GET /server-status HTTP/1.1" 200 2868
::1 - - [22/Apr/2019:16:23:13 +0800] "GET /server-status HTTP/1.1" 200 2865
::1 - - [22/Apr/2019:16:23:14 +0800] "GET /server-status HTTP/1.1" 200 2869
::1 - - [22/Apr/2019:16:23:14 +0800] "GET /server-status HTTP/1.1" 200 2865
::1 - - [22/Apr/2019:16:23:15 +0800] "GET /server-status HTTP/1.1" 200 2872
::1 - - [22/Apr/2019:16:23:15 +0800] "GET /server-status HTTP/1.1" 200 2874
::1 - - [22/Apr/2019:16:23:16 +0800] "GET /server-status HTTP/1.1" 200 2870
::1 - - [22/Apr/2019:16:23:16 +0800] "GET /server-status HTTP/1.1" 200 2871
::1 - - [22/Apr/2019:16:23:17 +0800] "GET /server-status HTTP/1.1" 200 2873
::1 - - [22/Apr/2019:16:23:17 +0800] "GET /server-status HTTP/1.1" 200 2874
::1 - - [22/Apr/2019:16:23:18 +0800] "GET /server-status HTTP/1.1" 200 2874
::1 - - [22/Apr/2019:16:23:18 +0800] "GET /server-status HTTP/1.1" 200 2871
::1 - - [22/Apr/2019:16:23:19 +0800] "GET /server-status HTTP/1.1" 200 2869
::1 - - [22/Apr/2019:16:23:19 +0800] "GET /server-status HTTP/1.1" 200 2869
::1 - - [22/Apr/2019:16:23:19 +0800] "GET /server-status HTTP/1.1" 200 2869
::1 - - [22/Apr/2019:16:23:19 +0800] "GET /server-status HTTP/1.1" 200 2875
::1 - - [22/Apr/2019:16:23:19 +0800] "GET /server-status HTTP/1.1" 200 2871
::1 - - [22/Apr/2019:16:23:19 +0800] "GET /server-status HTTP/1.1" 200 2875
::1 - - [22/Apr/2019:16:23:20 +0800] "GET /server-status HTTP/1.1" 200 2875
::1 - - [22/Apr/2019:16:23:20 +0800] "GET /server-status HTTP/1.1" 200 2874
::1 - - [22/Apr/2019:16:23:20 +0800] "GET /server-status HTTP/1.1" 200 2874
::1 - - [22/Apr/2019:16:23:21 +0800] "GET /server-status HTTP/1.1" 200 2874
::1 - - [22/Apr/2019:16:23:21 +0800] "GET /server-status HTTP/1.1" 200 2873
::1 - - [22/Apr/2019:16:23:21 +0800] "GET /server-status HTTP/1.1" 200 2871
::1 - - [22/Apr/2019:16:23:21 +0800] "GET /server-status HTTP/1.1" 200 2872
::1 - - [22/Apr/2019:16:23:22 +0800] "GET /server-status HTTP/1.1" 200 2874
::1 - - [22/Apr/2019:16:23:22 +0800] "GET /server-status HTTP/1.1" 200 2874
::1 - - [22/Apr/2019:16:23:22 +0800] "GET /server-status HTTP/1.1" 200 2874
::1 - - [22/Apr/2019:16:23:23 +0800] "GET /server-status HTTP/1.1" 200 2874
::1 - - [22/Apr/2019:16:23:23 +0800] "GET /server-status HTTP/1.1" 200 2874
::1 - - [22/Apr/2019:16:23:23 +0800] "GET /server-status HTTP/1.1" 200 2875
::1 - - [22/Apr/2019:16:23:24 +0800] "GET /server-status HTTP/1.1" 200 2872
::1 - - [22/Apr/2019:16:23:25 +0800] "GET /server-status HTTP/1.1" 200 2876
::1 - - [22/Apr/2019:16:23:25 +0800] "GET /server-status HTTP/1.1" 200 2876
::1 - - [22/Apr/2019:16:23:26 +0800] "GET /server-status HTTP/1.1" 200 2876
::1 - - [22/Apr/2019:16:23:27 +0800] "GET /server-status HTTP/1.1" 200 2883
::1 - - [22/Apr/2019:16:23:28 +0800] "GET /server-status HTTP/1.1" 200 2883
::1 - - [22/Apr/2019:16:23:28 +0800] "GET /server-status HTTP/1.1" 200 2884
::1 - - [22/Apr/2019:16:23:30 +0800] "GET /server-status HTTP/1.1" 200 2884
::1 - - [22/Apr/2019:16:23:33 +0800] "GET /server-status HTTP/1.1" 200 2884
::1 - - [22/Apr/2019:16:23:34 +0800] "GET /server-status HTTP/1.1" 200 2884
::1 - - [22/Apr/2019:16:23:37 +0800] "GET /server-status HTTP/1.1" 200 2879
::1 - - [22/Apr/2019:16:23:42 +0800] "GET /server-status HTTP/1.1" 200 2879
::1 - - [22/Apr/2019:16:23:47 +0800] "GET /server-status HTTP/1.1" 200 2884
::1 - - [22/Apr/2019:16:24:37 +0800] "GET /server-status HTTP/1.1" 200 2884
::1 - - [22/Apr/2019:16:25:57 +0800] "GET /files/ HTTP/1.1" 200 346
::1 - - [22/Apr/2019:16:26:21 +0800] "GET / HTTP/1.1" 200 145
::1 - - [22/Apr/2019:16:26:36 +0800] "GET / HTTP/1.1" 200 163
::1 - - [22/Apr/2019:16:26:37 +0800] "GET /server-status/ HTTP/1.1" 200 2883
::1 - - [22/Apr/2019:16:26:50 +0800] "GET /server-status/ HTTP/1.1" 200 2912
::1 - - [22/Apr/2019:16:26:52 +0800] "GET /server-status/ HTTP/1.1" 200 2883
::1 - - [22/Apr/2019:16:57:18 +0800] "GET / HTTP/1.1" 304 -
::1 - - [22/Apr/2019:16:57:19 +0800] "GET /server-status/ HTTP/1.1" 200 2881
::1 - - [22/Apr/2019:16:57:56 +0800] "GET /server-status/ HTTP/1.1" 200 2879
::1 - - [22/Apr/2019:16:57:57 +0800] "GET /server-status/ HTTP/1.1" 200 2879
::1 - - [22/Apr/2019:16:57:58 +0800] "GET /server-status/ HTTP/1.1" 200 2878
::1 - - [22/Apr/2019:16:57:59 +0800] "GET /server-status/ HTTP/1.1" 200 2888
::1 - - [22/Apr/2019:16:58:00 +0800] "GET /server-status/ HTTP/1.1" 200 2889
::1 - - [22/Apr/2019:16:58:01 +0800] "GET /server-status/ HTTP/1.1" 200 2883
::1 - - [22/Apr/2019:16:58:01 +0800] "GET /server-status/ HTTP/1.1" 200 2889
::1 - - [22/Apr/2019:16:58:02 +0800] "GET /server-status/ HTTP/1.1" 200 2889
::1 - - [22/Apr/2019:16:58:03 +0800] "GET /server-status/ HTTP/1.1" 200 2889
::1 - - [22/Apr/2019:16:58:03 +0800] "GET /server-status/ HTTP/1.1" 200 2889
::1 - - [22/Apr/2019:16:58:04 +0800] "GET /server-status/ HTTP/1.1" 200 2884
::1 - - [22/Apr/2019:16:58:04 +0800] "GET /server-status/ HTTP/1.1" 200 2890
::1 - - [22/Apr/2019:16:58:04 +0800] "GET /server-status/ HTTP/1.1" 200 2890
::1 - - [22/Apr/2019:16:58:04 +0800] "GET /server-status/ HTTP/1.1" 200 2890
::1 - - [22/Apr/2019:16:58:04 +0800] "GET /server-status/ HTTP/1.1" 200 2890
::1 - - [22/Apr/2019:16:58:04 +0800] "GET /server-status/ HTTP/1.1" 200 2889
::1 - - [22/Apr/2019:16:58:04 +0800] "GET /server-status/ HTTP/1.1" 200 2890
::1 - - [22/Apr/2019:16:58:04 +0800] "GET /server-status/ HTTP/1.1" 200 2889
::1 - - [22/Apr/2019:16:58:05 +0800] "GET /server-status/ HTTP/1.1" 200 2887
::1 - - [22/Apr/2019:16:58:05 +0800] "GET /server-status/ HTTP/1.1" 200 2891
::1 - - [22/Apr/2019:16:58:05 +0800] "GET /server-status/ HTTP/1.1" 200 2890
::1 - - [22/Apr/2019:16:58:05 +0800] "GET /server-status/ HTTP/1.1" 200 2891
::1 - - [22/Apr/2019:16:58:05 +0800] "GET /server-status/ HTTP/1.1" 200 2890
::1 - - [22/Apr/2019:16:58:05 +0800] "GET /server-status/ HTTP/1.1" 200 2891
::1 - - [22/Apr/2019:16:58:05 +0800] "GET /server-status/ HTTP/1.1" 200 2891
::1 - - [22/Apr/2019:16:58:06 +0800] "GET /server-status/ HTTP/1.1" 200 2884
::1 - - [22/Apr/2019:16:58:08 +0800] "GET /server-status/ HTTP/1.1" 200 2884
::1 - - [22/Apr/2019:16:58:16 +0800] "GET /files/ HTTP/1.1" 200 346
::1 - - [22/Apr/2019:16:58:18 +0800] "GET /files/Apache.%e6%ba%90%e4%bb%a3%e7%a0%81%e5%85%a8%e6%99%af%e5%88%86%e6%9e%90.pdf HTTP/1.1" 200 124821644
10.2.5.148 - - [22/Apr/2019:16:59:05 +0800] "GET / HTTP/1.1" 200 163
10.2.5.148 - - [22/Apr/2019:16:59:07 +0800] "GET /files/ HTTP/1.1" 200 346
10.2.5.148 - - [22/Apr/2019:16:59:10 +0800] "GET /files/Apache.%e6%ba%90%e4%bb%a3%e7%a0%81%e5%85%a8%e6%99%af%e5%88%86%e6%9e%90.pdf HTTP/1.1" 200 124821644
::1 - - [22/Apr/2019:16:59:14 +0800] "GET /server-status/ HTTP/1.1" 200 3199
::1 - - [22/Apr/2019:16:59:16 +0800] "GET /server-status/ HTTP/1.1" 200 3199
::1 - - [22/Apr/2019:16:59:17 +0800] "GET /server-status/ HTTP/1.1" 200 3200
::1 - - [22/Apr/2019:16:59:18 +0800] "GET /server-status/ HTTP/1.1" 200 3187
::1 - - [22/Apr/2019:16:59:19 +0800] "GET /server-status/ HTTP/1.1" 200 3189
::1 - - [22/Apr/2019:16:59:19 +0800] "GET /server-status/ HTTP/1.1" 200 3189
::1 - - [22/Apr/2019:16:59:20 +0800] "GET /server-status/ HTTP/1.1" 200 3188
::1 - - [22/Apr/2019:16:59:21 +0800] "GET /server-status/ HTTP/1.1" 200 3190
::1 - - [22/Apr/2019:16:59:22 +0800] "GET /server-status/ HTTP/1.1" 200 3189
::1 - - [22/Apr/2019:16:59:22 +0800] "GET /server-status/ HTTP/1.1" 200 3190
::1 - - [22/Apr/2019:16:59:25 +0800] "GET /server-status/ HTTP/1.1" 200 3188
::1 - - [22/Apr/2019:16:59:26 +0800] "GET /server-status/ HTTP/1.1" 200 3188
::1 - - [22/Apr/2019:16:59:33 +0800] "GET /server-status/ HTTP/1.1" 200 3186
::1 - - [22/Apr/2019:16:59:36 +0800] "GET /server-status/ HTTP/1.1" 200 3186
::1 - - [22/Apr/2019:16:59:37 +0800] "GET /server-status/ HTTP/1.1" 200 3185
::1 - - [22/Apr/2019:16:59:39 +0800] "GET /server-status/ HTTP/1.1" 200 3187
::1 - - [22/Apr/2019:16:59:39 +0800] "GET /server-status/ HTTP/1.1" 200 3188
::1 - - [22/Apr/2019:16:59:40 +0800] "GET /server-status/ HTTP/1.1" 200 3188
::1 - - [22/Apr/2019:16:59:41 +0800] "GET /server-status/ HTTP/1.1" 200 3188
::1 - - [22/Apr/2019:16:59:42 +0800] "GET /server-status/ HTTP/1.1" 200 3187
::1 - - [22/Apr/2019:16:59:43 +0800] "GET /server-status/ HTTP/1.1" 200 3187
::1 - - [22/Apr/2019:16:59:43 +0800] "GET /server-status/ HTTP/1.1" 200 3188
::1 - - [22/Apr/2019:16:59:44 +0800] "GET /server-status/ HTTP/1.1" 200 3191
::1 - - [22/Apr/2019:16:59:45 +0800] "GET /server-status/ HTTP/1.1" 200 3190
::1 - - [22/Apr/2019:16:59:58 +0800] "GET /server-status/ HTTP/1.1" 200 3219
::1 - - [22/Apr/2019:16:59:59 +0800] "GET /server-status/ HTTP/1.1" 200 3189
::1 - - [22/Apr/2019:17:00:00 +0800] "GET /server-status/ HTTP/1.1" 200 3188
::1 - - [22/Apr/2019:17:00:01 +0800] "GET /server-status/ HTTP/1.1" 200 3189
::1 - - [22/Apr/2019:17:00:03 +0800] "GET /server-status/ HTTP/1.1" 200 3191
::1 - - [22/Apr/2019:17:00:04 +0800] "GET /server-status/ HTTP/1.1" 200 3191
::1 - - [22/Apr/2019:17:00:13 +0800] "GET /server-status/ HTTP/1.1" 200 3189
::1 - - [22/Apr/2019:17:00:14 +0800] "GET /server-status/ HTTP/1.1" 200 3189
::1 - - [22/Apr/2019:17:00:15 +0800] "GET /server-status/ HTTP/1.1" 200 3190
::1 - - [22/Apr/2019:17:00:23 +0800] "GET /server-status/ HTTP/1.1" 200 3220
::1 - - [22/Apr/2019:17:00:24 +0800] "GET /server-status/ HTTP/1.1" 200 3190
::1 - - [22/Apr/2019:17:00:24 +0800] "GET /server-status/ HTTP/1.1" 200 3190
::1 - - [22/Apr/2019:17:00:29 +0800] "GET /server-status/ HTTP/1.1" 200 3189
::1 - - [22/Apr/2019:17:00:30 +0800] "GET /server-status/ HTTP/1.1" 200 3189
::1 - - [22/Apr/2019:17:00:30 +0800] "GET /server-status/ HTTP/1.1" 200 3190
::1 - - [22/Apr/2019:17:00:30 +0800] "GET /server-status/ HTTP/1.1" 200 3190
::1 - - [22/Apr/2019:17:00:30 +0800] "GET /server-status/ HTTP/1.1" 200 3190
::1 - - [22/Apr/2019:17:00:31 +0800] "GET /server-status/ HTTP/1.1" 200 3190
::1 - - [22/Apr/2019:17:00:31 +0800] "GET /server-status/ HTTP/1.1" 200 3190
::1 - - [22/Apr/2019:17:00:31 +0800] "GET /server-status/ HTTP/1.1" 200 3189
::1 - - [22/Apr/2019:17:00:31 +0800] "GET /server-status/ HTTP/1.1" 200 3191
::1 - - [22/Apr/2019:17:00:31 +0800] "GET /server-status/ HTTP/1.1" 200 3191
::1 - - [22/Apr/2019:17:00:31 +0800] "GET /server-status/ HTTP/1.1" 200 3191
::1 - - [22/Apr/2019:17:00:32 +0800] "GET /server-status/ HTTP/1.1" 200 3191
::1 - - [22/Apr/2019:17:00:32 +0800] "GET /server-status/ HTTP/1.1" 200 3191
::1 - - [22/Apr/2019:17:00:32 +0800] "GET /server-status/ HTTP/1.1" 200 3191
::1 - - [22/Apr/2019:17:00:32 +0800] "GET /server-status/ HTTP/1.1" 200 3191
::1 - - [22/Apr/2019:17:00:32 +0800] "GET /server-status/ HTTP/1.1" 200 3192
::1 - - [22/Apr/2019:17:00:33 +0800] "GET /server-status/ HTTP/1.1" 200 3192
::1 - - [22/Apr/2019:17:00:33 +0800] "GET /server-status/ HTTP/1.1" 200 3184
::1 - - [22/Apr/2019:17:00:33 +0800] "GET /server-status/ HTTP/1.1" 200 3191
::1 - - [22/Apr/2019:17:00:34 +0800] "GET /server-status/ HTTP/1.1" 200 3191
::1 - - [22/Apr/2019:17:00:34 +0800] "GET /server-status/ HTTP/1.1" 200 3189
::1 - - [22/Apr/2019:17:00:34 +0800] "GET /server-status/ HTTP/1.1" 200 3190
::1 - - [22/Apr/2019:17:00:34 +0800] "GET /server-status/ HTTP/1.1" 200 3191
::1 - - [22/Apr/2019:17:00:34 +0800] "GET /server-status/ HTTP/1.1" 200 3193
::1 - - [22/Apr/2019:17:00:35 +0800] "GET /server-status/ HTTP/1.1" 200 3193
::1 - - [22/Apr/2019:17:00:35 +0800] "GET /server-status/ HTTP/1.1" 200 3193
::1 - - [22/Apr/2019:17:00:35 +0800] "GET /server-status/ HTTP/1.1" 200 3193
::1 - - [22/Apr/2019:17:00:35 +0800] "GET /server-status/ HTTP/1.1" 200 3193
::1 - - [22/Apr/2019:17:00:35 +0800] "GET /server-status/ HTTP/1.1" 200 3192
::1 - - [22/Apr/2019:17:00:38 +0800] "GET /server-status/ HTTP/1.1" 200 3194
::1 - - [22/Apr/2019:17:00:39 +0800] "GET /server-status/ HTTP/1.1" 200 3195
::1 - - [22/Apr/2019:17:00:39 +0800] "GET /server-status/ HTTP/1.1" 200 3195
::1 - - [22/Apr/2019:17:00:40 +0800] "GET /server-status/ HTTP/1.1" 200 3195
::1 - - [22/Apr/2019:17:00:40 +0800] "GET /server-status/ HTTP/1.1" 200 3195
::1 - - [22/Apr/2019:17:00:41 +0800] "GET /server-status/ HTTP/1.1" 200 3195
::1 - - [22/Apr/2019:17:00:46 +0800] "GET /server-status/ HTTP/1.1" 200 3195
::1 - - [22/Apr/2019:17:00:46 +0800] "GET /server-status/ HTTP/1.1" 200 3195
::1 - - [22/Apr/2019:17:00:47 +0800] "GET /server-status/ HTTP/1.1" 200 3195
::1 - - [22/Apr/2019:17:00:47 +0800] "GET /server-status/ HTTP/1.1" 200 3194
::1 - - [22/Apr/2019:17:00:57 +0800] "GET /server-status/ HTTP/1.1" 200 3192
::1 - - [22/Apr/2019:17:00:58 +0800] "GET /server-status/ HTTP/1.1" 200 3193
::1 - - [22/Apr/2019:17:00:59 +0800] "GET /server-status/ HTTP/1.1" 200 3192
::1 - - [22/Apr/2019:17:01:00 +0800] "GET /server-status/ HTTP/1.1" 200 3193
::1 - - [22/Apr/2019:17:04:08 +0800] "GET /server-status/ HTTP/1.1" 200 3194
::1 - - [22/Apr/2019:17:04:09 +0800] "GET /server-status/ HTTP/1.1" 200 3194
::1 - - [22/Apr/2019:17:04:10 +0800] "GET /server-status/ HTTP/1.1" 200 3194
::1 - - [22/Apr/2019:17:04:14 +0800] "GET /files/ HTTP/1.1" 200 346
::1 - - [22/Apr/2019:17:04:17 +0800] "GET /files/Apache.%e6%ba%90%e4%bb%a3%e7%a0%81%e5%85%a8%e6%99%af%e5%88%86%e6%9e%90.pdf HTTP/1.1" 200 124821644
::1 - - [22/Apr/2019:17:05:08 +0800] "-" 408 -
10.2.5.148 - - [22/Apr/2019:17:06:32 +0800] "GET / HTTP/1.1" 304 -
10.2.5.148 - - [22/Apr/2019:17:06:34 +0800] "GET / HTTP/1.1" 200 163
10.2.5.148 - - [22/Apr/2019:17:06:34 +0800] "GET /apple-touch-icon-152x152-precomposed.png HTTP/1.1" 404 238
10.2.5.148 - - [22/Apr/2019:17:06:34 +0800] "GET /apple-touch-icon-152x152.png HTTP/1.1" 404 226
10.2.5.148 - - [22/Apr/2019:17:06:34 +0800] "GET /apple-touch-icon-precomposed.png HTTP/1.1" 404 230
10.2.5.148 - - [22/Apr/2019:17:06:34 +0800] "GET /apple-touch-icon.png HTTP/1.1" 404 218
10.2.5.148 - - [22/Apr/2019:17:06:34 +0800] "GET /favicon.ico HTTP/1.1" 404 209
10.2.5.148 - - [22/Apr/2019:17:06:35 +0800] "GET /apple-touch-icon-152x152-precomposed.png HTTP/1.1" 404 238
10.2.5.148 - - [22/Apr/2019:17:06:35 +0800] "GET /apple-touch-icon-152x152.png HTTP/1.1" 404 226
10.2.5.148 - - [22/Apr/2019:17:06:35 +0800] "GET /apple-touch-icon-precomposed.png HTTP/1.1" 404 230
10.2.5.148 - - [22/Apr/2019:17:06:35 +0800] "GET /apple-touch-icon.png HTTP/1.1" 404 218
10.2.5.148 - - [22/Apr/2019:17:06:35 +0800] "GET /favicon.ico HTTP/1.1" 404 209
10.2.5.148 - - [22/Apr/2019:17:06:40 +0800] "GET /files/ HTTP/1.1" 200 346
10.2.5.148 - - [22/Apr/2019:17:06:42 +0800] "GET /files/Apache.%e6%ba%90%e4%bb%a3%e7%a0%81%e5%85%a8%e6%99%af%e5%88%86%e6%9e%90.pdf HTTP/1.1" 200 124821644
::1 - - [22/Apr/2019:17:06:53 +0800] "GET /server-status/ HTTP/1.1" 200 3142
::1 - - [22/Apr/2019:17:07:51 +0800] "-" 408 -
::1 - - [22/Apr/2019:17:11:12 +0800] "GET /server-status/ HTTP/1.1" 200 3144
::1 - - [22/Apr/2019:17:11:13 +0800] "GET /server-status/ HTTP/1.1" 200 3145
::1 - - [22/Apr/2019:17:11:14 +0800] "GET /server-status/ HTTP/1.1" 200 3145
::1 - - [22/Apr/2019:17:11:14 +0800] "GET /server-status/ HTTP/1.1" 200 3145
::1 - - [22/Apr/2019:17:11:42 +0800] "GET / HTTP/1.1" 304 -
::1 - - [22/Apr/2019:17:11:43 +0800] "GET /server-status/ HTTP/1.1" 200 3143
::1 - - [22/Apr/2019:17:12:42 +0800] "-" 408 -
::1 - - [22/Apr/2019:17:14:37 +0800] "GET /server-status/ HTTP/1.1" 200 3144
::1 - - [22/Apr/2019:17:14:38 +0800] "GET /server-status/ HTTP/1.1" 200 3143
::1 - - [22/Apr/2019:17:14:38 +0800] "GET /server-status/ HTTP/1.1" 200 3145
::1 - - [22/Apr/2019:17:14:39 +0800] "GET /server-status/ HTTP/1.1" 200 3145
::1 - - [22/Apr/2019:17:14:39 +0800] "GET /server-status/ HTTP/1.1" 200 3145
::1 - - [22/Apr/2019:17:14:39 +0800] "GET /server-status/ HTTP/1.1" 200 3146
::1 - - [22/Apr/2019:17:14:39 +0800] "GET /server-status/ HTTP/1.1" 200 3146
::1 - - [22/Apr/2019:17:14:40 +0800] "GET /server-status/ HTTP/1.1" 200 3146
::1 - - [22/Apr/2019:17:14:40 +0800] "GET /server-status/ HTTP/1.1" 200 3141
::1 - - [22/Apr/2019:17:14:40 +0800] "GET /server-status/ HTTP/1.1" 200 3146
::1 - - [22/Apr/2019:17:14:40 +0800] "GET /server-status/ HTTP/1.1" 200 3147
::1 - - [22/Apr/2019:17:14:40 +0800] "GET /server-status/ HTTP/1.1" 200 3146
::1 - - [22/Apr/2019:17:14:40 +0800] "GET /server-status/ HTTP/1.1" 200 3147
::1 - - [22/Apr/2019:17:14:40 +0800] "GET /server-status/ HTTP/1.1" 200 3147
::1 - - [22/Apr/2019:17:14:41 +0800] "GET /server-status/ HTTP/1.1" 200 3145
::1 - - [22/Apr/2019:17:14:41 +0800] "GET /server-status/ HTTP/1.1" 200 3147
::1 - - [22/Apr/2019:17:14:41 +0800] "GET /server-status/ HTTP/1.1" 200 3147
::1 - - [22/Apr/2019:17:14:41 +0800] "GET /server-status/ HTTP/1.1" 200 3146
::1 - - [22/Apr/2019:17:14:41 +0800] "GET /server-status/ HTTP/1.1" 200 3147
::1 - - [22/Apr/2019:17:14:41 +0800] "GET /server-status/ HTTP/1.1" 200 3147
::1 - - [22/Apr/2019:17:14:42 +0800] "GET /server-status/ HTTP/1.1" 200 3147
::1 - - [22/Apr/2019:17:14:42 +0800] "GET /server-status/ HTTP/1.1" 200 3147
::1 - - [22/Apr/2019:17:14:44 +0800] "GET /server-status/ HTTP/1.1" 200 3147
::1 - - [22/Apr/2019:17:14:44 +0800] "GET /server-status/ HTTP/1.1" 200 3147
::1 - - [22/Apr/2019:17:14:44 +0800] "GET /server-status/ HTTP/1.1" 200 3147
::1 - - [22/Apr/2019:17:15:06 +0800] "GET /server-status/ HTTP/1.1" 200 3144
::1 - - [22/Apr/2019:17:15:33 +0800] "GET /server-status/ HTTP/1.1" 200 3143
::1 - - [22/Apr/2019:17:15:33 +0800] "GET /server-status/ HTTP/1.1" 200 3143
::1 - - [22/Apr/2019:17:15:34 +0800] "GET /server-status/ HTTP/1.1" 200 3143
::1 - - [22/Apr/2019:17:15:35 +0800] "GET /server-status/ HTTP/1.1" 200 3143
::1 - - [22/Apr/2019:17:15:35 +0800] "GET /server-status/ HTTP/1.1" 200 3144
::1 - - [22/Apr/2019:17:15:44 +0800] "GET /server-status/ HTTP/1.1" 200 3142
::1 - - [22/Apr/2019:17:17:30 +0800] "GET / HTTP/1.1" 200 218
::1 - - [22/Apr/2019:17:17:31 +0800] "GET /server-info/ HTTP/1.1" 404 210
::1 - - [22/Apr/2019:17:17:55 +0800] "GET / HTTP/1.1" 304 -
::1 - - [22/Apr/2019:17:17:56 +0800] "GET /server-info/ HTTP/1.1" 200 50728
::1 - - [22/Apr/2019:17:18:50 +0800] "GET /server-info/?config HTTP/1.1" 200 1983
::1 - - [22/Apr/2019:17:18:58 +0800] "GET /server-info/?server HTTP/1.1" 200 1898
::1 - - [22/Apr/2019:17:19:01 +0800] "GET /server-info/?server HTTP/1.1" 200 1898
::1 - - [22/Apr/2019:17:19:17 +0800] "GET /server-info/?list HTTP/1.1" 200 955
::1 - - [22/Apr/2019:17:19:23 +0800] "GET /server-info/?hooks HTTP/1.1" 200 8432
::1 - - [22/Apr/2019:17:19:31 +0800] "GET /server-info/?providers HTTP/1.1" 200 897
::1 - - [22/Apr/2019:17:20:20 +0800] "GET /server-status/ HTTP/1.1" 200 2875
::1 - - [22/Apr/2019:17:20:22 +0800] "GET /server-status/ HTTP/1.1" 200 2879
10.2.5.148 - - [22/Apr/2019:17:39:55 +0800] "GET /files/Apache.%e6%ba%90%e4%bb%a3%e7%a0%81%e5%85%a8%e6%99%af%e5%88%86%e6%9e%90.pdf HTTP/1.1" 200 124821644
::1 - - [22/Apr/2019:17:53:20 +0800] "GET / HTTP/1.1" 304 -
::1 - - [22/Apr/2019:17:53:21 +0800] "GET /server-status/ HTTP/1.1" 200 2897
::1 - - [22/Apr/2019:17:53:24 +0800] "GET /server-status/ HTTP/1.1" 200 2896
::1 - - [22/Apr/2019:17:53:25 +0800] "GET /server-status/ HTTP/1.1" 200 2897
::1 - - [22/Apr/2019:17:53:26 +0800] "GET /server-status/ HTTP/1.1" 200 2893
::1 - - [22/Apr/2019:17:53:27 +0800] "GET /server-status/ HTTP/1.1" 200 2895
::1 - - [22/Apr/2019:17:53:27 +0800] "GET /server-status/ HTTP/1.1" 200 2900
::1 - - [22/Apr/2019:17:53:28 +0800] "GET /server-status/ HTTP/1.1" 200 2900
::1 - - [22/Apr/2019:17:53:29 +0800] "GET /server-status/ HTTP/1.1" 200 2899
::1 - - [22/Apr/2019:17:53:29 +0800] "GET /server-status/ HTTP/1.1" 200 2897
::1 - - [22/Apr/2019:17:53:31 +0800] "GET /server-status/ HTTP/1.1" 200 2897
10.2.5.148 - - [22/Apr/2019:17:53:43 +0800] "GET / HTTP/1.1" 200 218
10.2.5.148 - - [22/Apr/2019:17:53:44 +0800] "GET /files/ HTTP/1.1" 200 346
10.2.5.148 - - [22/Apr/2019:17:53:46 +0800] "GET /files/Apache.%e6%ba%90%e4%bb%a3%e7%a0%81%e5%85%a8%e6%99%af%e5%88%86%e6%9e%90.pdf HTTP/1.1" 200 124821644
::1 - - [22/Apr/2019:17:53:48 +0800] "GET /server-status/ HTTP/1.1" 200 2978
::1 - - [22/Apr/2019:17:53:49 +0800] "GET /server-status/ HTTP/1.1" 200 3190
::1 - - [22/Apr/2019:17:53:50 +0800] "GET /server-status/ HTTP/1.1" 200 3184
::1 - - [22/Apr/2019:17:53:51 +0800] "GET /server-status/ HTTP/1.1" 200 3192
::1 - - [22/Apr/2019:17:53:52 +0800] "GET /server-status/ HTTP/1.1" 200 3194
::1 - - [22/Apr/2019:17:53:54 +0800] "GET /server-status/ HTTP/1.1" 200 3171
::1 - - [22/Apr/2019:17:53:55 +0800] "GET /server-status/ HTTP/1.1" 200 3180
::1 - - [22/Apr/2019:17:53:56 +0800] "GET /server-status/ HTTP/1.1" 200 3180
::1 - - [22/Apr/2019:17:53:56 +0800] "GET /server-status/ HTTP/1.1" 200 3181
::1 - - [22/Apr/2019:17:53:57 +0800] "GET /server-status/ HTTP/1.1" 200 3181
::1 - - [22/Apr/2019:17:53:58 +0800] "GET /server-status/ HTTP/1.1" 200 3182
::1 - - [22/Apr/2019:17:53:58 +0800] "GET /server-status/ HTTP/1.1" 200 3179
::1 - - [22/Apr/2019:17:53:59 +0800] "GET /server-status/ HTTP/1.1" 200 3179
::1 - - [22/Apr/2019:17:54:00 +0800] "GET /server-status/ HTTP/1.1" 200 3179
::1 - - [22/Apr/2019:17:54:00 +0800] "GET /server-status/ HTTP/1.1" 200 3178
::1 - - [22/Apr/2019:17:54:01 +0800] "GET /server-status/ HTTP/1.1" 200 3177
::1 - - [22/Apr/2019:17:54:02 +0800] "GET /server-status/ HTTP/1.1" 200 3179
::1 - - [22/Apr/2019:17:54:03 +0800] "GET /server-status/ HTTP/1.1" 200 3179
::1 - - [22/Apr/2019:17:54:03 +0800] "GET /server-status/ HTTP/1.1" 200 3180
::1 - - [22/Apr/2019:17:54:03 +0800] "GET /server-status/ HTTP/1.1" 200 3180
::1 - - [22/Apr/2019:17:54:03 +0800] "GET /server-status/ HTTP/1.1" 200 3180
::1 - - [22/Apr/2019:17:54:04 +0800] "GET /server-status/ HTTP/1.1" 200 3179
::1 - - [22/Apr/2019:17:54:04 +0800] "GET /server-status/ HTTP/1.1" 200 3181
::1 - - [22/Apr/2019:17:54:04 +0800] "GET /server-status/ HTTP/1.1" 200 3181
::1 - - [22/Apr/2019:17:54:04 +0800] "GET /server-status/ HTTP/1.1" 200 3181
::1 - - [22/Apr/2019:17:54:04 +0800] "GET /server-status/ HTTP/1.1" 200 3176
::1 - - [22/Apr/2019:17:54:05 +0800] "GET /server-status/ HTTP/1.1" 200 3181
::1 - - [22/Apr/2019:17:54:05 +0800] "GET /server-status/ HTTP/1.1" 200 3180
::1 - - [22/Apr/2019:17:54:06 +0800] "GET /server-status/ HTTP/1.1" 200 3181
::1 - - [22/Apr/2019:17:54:06 +0800] "GET /server-status/ HTTP/1.1" 200 3181
::1 - - [22/Apr/2019:17:54:07 +0800] "GET /server-status/ HTTP/1.1" 200 3181
::1 - - [22/Apr/2019:17:54:07 +0800] "GET /server-status/ HTTP/1.1" 200 3181
::1 - - [22/Apr/2019:17:54:08 +0800] "GET /server-status/ HTTP/1.1" 200 3180
::1 - - [22/Apr/2019:17:54:08 +0800] "GET /server-status/ HTTP/1.1" 200 3182
::1 - - [22/Apr/2019:17:54:09 +0800] "GET /server-status/ HTTP/1.1" 200 3182
::1 - - [22/Apr/2019:17:54:09 +0800] "GET /server-status/ HTTP/1.1" 200 3182
::1 - - [22/Apr/2019:17:54:10 +0800] "GET /server-status/ HTTP/1.1" 200 3181
::1 - - [22/Apr/2019:17:54:10 +0800] "GET /server-status/ HTTP/1.1" 200 3182
::1 - - [22/Apr/2019:17:54:11 +0800] "GET /server-status/ HTTP/1.1" 200 3182
::1 - - [22/Apr/2019:17:54:12 +0800] "GET /server-status/ HTTP/1.1" 200 3181
::1 - - [22/Apr/2019:17:54:13 +0800] "GET /server-status/ HTTP/1.1" 200 3182
::1 - - [22/Apr/2019:17:54:14 +0800] "GET /server-status/ HTTP/1.1" 200 3182
::1 - - [22/Apr/2019:17:54:15 +0800] "GET /server-status/ HTTP/1.1" 200 3182
::1 - - [22/Apr/2019:17:54:25 +0800] "GET /server-status/ HTTP/1.1" 200 3178
::1 - - [22/Apr/2019:17:54:26 +0800] "GET /server-status/ HTTP/1.1" 200 3179
::1 - - [22/Apr/2019:17:54:26 +0800] "GET /server-status/ HTTP/1.1" 200 3179
::1 - - [22/Apr/2019:17:54:27 +0800] "GET /server-status/ HTTP/1.1" 200 3179
::1 - - [22/Apr/2019:17:54:27 +0800] "GET /server-status/ HTTP/1.1" 200 3180
::1 - - [22/Apr/2019:17:54:28 +0800] "GET /server-status/ HTTP/1.1" 200 3180
::1 - - [22/Apr/2019:17:54:29 +0800] "GET /server-status/ HTTP/1.1" 200 3180
::1 - - [22/Apr/2019:17:54:30 +0800] "GET /server-status/ HTTP/1.1" 200 3180
10.2.5.148 - - [22/Apr/2019:17:54:32 +0800] "GET /files/Apache.%e6%ba%90%e4%bb%a3%e7%a0%81%e5%85%a8%e6%99%af%e5%88%86%e6%9e%90.pdf HTTP/1.1" 200 124821644
::1 - - [22/Apr/2019:17:54:33 +0800] "GET /server-status/ HTTP/1.1" 200 3191
::1 - - [22/Apr/2019:17:54:33 +0800] "GET /server-status/ HTTP/1.1" 200 3192
::1 - - [22/Apr/2019:17:54:34 +0800] "GET /server-status/ HTTP/1.1" 200 3195
::1 - - [22/Apr/2019:17:54:35 +0800] "GET /server-status/ HTTP/1.1" 200 3194
::1 - - [22/Apr/2019:17:54:35 +0800] "GET /server-status/ HTTP/1.1" 200 3194
::1 - - [22/Apr/2019:17:54:36 +0800] "GET /server-status/ HTTP/1.1" 200 3195
::1 - - [22/Apr/2019:17:54:36 +0800] "GET /server-status/ HTTP/1.1" 200 3195
::1 - - [22/Apr/2019:17:54:37 +0800] "GET /server-status/ HTTP/1.1" 200 3195
::1 - - [22/Apr/2019:17:54:38 +0800] "GET /server-status/ HTTP/1.1" 200 3195
::1 - - [22/Apr/2019:17:54:38 +0800] "GET /server-status/ HTTP/1.1" 200 3194
::1 - - [22/Apr/2019:17:54:39 +0800] "GET /server-status/ HTTP/1.1" 200 3195
::1 - - [22/Apr/2019:17:54:39 +0800] "GET /server-status/ HTTP/1.1" 200 3181
::1 - - [22/Apr/2019:17:54:40 +0800] "GET /server-status/ HTTP/1.1" 200 3183
::1 - - [22/Apr/2019:17:54:40 +0800] "GET /server-status/ HTTP/1.1" 200 3183
::1 - - [22/Apr/2019:17:54:41 +0800] "GET /server-status/ HTTP/1.1" 200 3177
::1 - - [22/Apr/2019:17:54:41 +0800] "GET /server-status/ HTTP/1.1" 200 3183
::1 - - [22/Apr/2019:17:54:41 +0800] "GET /server-status/ HTTP/1.1" 200 3183
::1 - - [22/Apr/2019:17:54:42 +0800] "GET /server-status/ HTTP/1.1" 200 3183
::1 - - [22/Apr/2019:17:54:43 +0800] "GET /server-status/ HTTP/1.1" 200 3182
::1 - - [22/Apr/2019:17:54:43 +0800] "GET /server-status/ HTTP/1.1" 200 3183
::1 - - [22/Apr/2019:17:54:43 +0800] "GET /server-status/ HTTP/1.1" 200 3183
::1 - - [22/Apr/2019:17:54:44 +0800] "GET /server-status/ HTTP/1.1" 200 3183
::1 - - [22/Apr/2019:17:54:44 +0800] "GET /server-status/ HTTP/1.1" 200 3183
::1 - - [22/Apr/2019:17:54:45 +0800] "GET /server-status/ HTTP/1.1" 200 3181
::1 - - [22/Apr/2019:17:57:54 +0800] "GET /server-status/ HTTP/1.1" 200 3175
::1 - - [22/Apr/2019:17:57:55 +0800] "GET /server-status/ HTTP/1.1" 200 3184
::1 - - [22/Apr/2019:17:57:55 +0800] "GET /server-status/ HTTP/1.1" 200 3184
::1 - - [22/Apr/2019:17:57:56 +0800] "GET /server-status/ HTTP/1.1" 200 3183
::1 - - [22/Apr/2019:17:57:56 +0800] "GET /server-status/ HTTP/1.1" 200 3186
::1 - - [22/Apr/2019:17:57:57 +0800] "GET /server-status/ HTTP/1.1" 200 3186
::1 - - [22/Apr/2019:17:57:58 +0800] "GET /server-status/ HTTP/1.1" 200 3186
10.2.5.148 - - [22/Apr/2019:18:08:47 +0800] "GET /files/Apache.%e6%ba%90%e4%bb%a3%e7%a0%81%e5%85%a8%e6%99%af%e5%88%86%e6%9e%90.pdf HTTP/1.1" 200 124821644
::1 - - [22/Apr/2019:18:09:06 +0800] "GET /server-status/ HTTP/1.1" 200 3191
::1 - - [22/Apr/2019:18:09:07 +0800] "GET /server-status/ HTTP/1.1" 200 3191
::1 - - [22/Apr/2019:18:09:07 +0800] "GET /server-status/ HTTP/1.1" 200 3191
::1 - - [22/Apr/2019:18:09:08 +0800] "GET /server-status/ HTTP/1.1" 200 3191
::1 - - [22/Apr/2019:18:09:08 +0800] "GET /server-status/ HTTP/1.1" 200 3192
::1 - - [22/Apr/2019:18:09:08 +0800] "GET /server-status/ HTTP/1.1" 200 3192
::1 - - [22/Apr/2019:18:09:08 +0800] "GET /server-status/ HTTP/1.1" 200 3192
::1 - - [22/Apr/2019:18:09:08 +0800] "GET /server-status/ HTTP/1.1" 200 3192
::1 - - [22/Apr/2019:18:09:09 +0800] "GET /server-status/ HTTP/1.1" 200 3192
::1 - - [22/Apr/2019:18:09:09 +0800] "GET /server-status/ HTTP/1.1" 200 3191
::1 - - [22/Apr/2019:18:09:09 +0800] "GET /server-status/ HTTP/1.1" 200 3193
::1 - - [22/Apr/2019:18:09:09 +0800] "GET /server-status/ HTTP/1.1" 200 3192
::1 - - [22/Apr/2019:18:09:09 +0800] "GET /server-status/ HTTP/1.1" 200 3193
::1 - - [22/Apr/2019:18:09:10 +0800] "GET /server-status/ HTTP/1.1" 200 3192
::1 - - [22/Apr/2019:18:09:10 +0800] "GET /server-status/ HTTP/1.1" 200 3191
::1 - - [22/Apr/2019:18:09:10 +0800] "GET /server-status/ HTTP/1.1" 200 3193
::1 - - [22/Apr/2019:18:09:10 +0800] "GET /server-status/ HTTP/1.1" 200 3191
::1 - - [22/Apr/2019:18:09:11 +0800] "GET /server-status/ HTTP/1.1" 200 3192
::1 - - [22/Apr/2019:18:09:11 +0800] "GET /server-status/ HTTP/1.1" 200 3193
::1 - - [22/Apr/2019:18:09:11 +0800] "GET /server-status/ HTTP/1.1" 200 3193
10.2.5.148 - - [22/Apr/2019:18:09:16 +0800] "GET / HTTP/1.1" 200 218
10.2.5.148 - - [22/Apr/2019:18:09:16 +0800] "GET /apple-touch-icon-152x152-precomposed.png HTTP/1.1" 404 238
10.2.5.148 - - [22/Apr/2019:18:09:16 +0800] "GET /apple-touch-icon-152x152.png HTTP/1.1" 404 226
10.2.5.148 - - [22/Apr/2019:18:09:16 +0800] "GET /apple-touch-icon-precomposed.png HTTP/1.1" 404 230
10.2.5.148 - - [22/Apr/2019:18:09:16 +0800] "GET /apple-touch-icon.png HTTP/1.1" 404 218
10.2.5.148 - - [22/Apr/2019:18:09:16 +0800] "GET /favicon.ico HTTP/1.1" 404 209
10.2.5.148 - - [22/Apr/2019:18:09:16 +0800] "GET /apple-touch-icon-152x152-precomposed.png HTTP/1.1" 404 238
10.2.5.148 - - [22/Apr/2019:18:09:16 +0800] "GET /apple-touch-icon-152x152.png HTTP/1.1" 404 226
10.2.5.148 - - [22/Apr/2019:18:09:16 +0800] "GET /apple-touch-icon-precomposed.png HTTP/1.1" 404 230
10.2.5.148 - - [22/Apr/2019:18:09:16 +0800] "GET /apple-touch-icon.png HTTP/1.1" 404 218
10.2.5.148 - - [22/Apr/2019:18:09:16 +0800] "GET /favicon.ico HTTP/1.1" 404 209
